[2017-01-02 20:51:37.059] [ERROR] auth - Test error message
[2017-01-03 22:34:35.996] [INFO] auth - { userId: '5823eb10d93cd60a64e2fa0c',
  iat: 1483499058,
  exp: 1483520658 }
[2017-01-03 22:40:02.179] [INFO] auth - This is the decoded token we got back { userId: '5823eb10d93cd60a64e2fa0c',
  iat: 1483499058,
  exp: 1483520658 }
[2017-01-04 22:22:50.471] [INFO] auth - 
[2017-01-04 22:29:49.925] [INFO] auth - This is the decoded token we got back { userId: '5823eb10d93cd60a64e2fa0c',
  iat: 1483586570,
  exp: 1483608170 }
[2017-01-04 22:32:14.739] [INFO] auth - This is the decoded token we got back { userId: '5823eb10d93cd60a64e2fa0c',
  iat: 1483586570,
  exp: 1483608170 }
[2017-01-04 22:32:16.322] [INFO] auth - This is the decoded token we got back { userId: '5823eb10d93cd60a64e2fa0c',
  iat: 1483586570,
  exp: 1483608170 }
[2017-01-04 22:32:17.289] [INFO] auth - This is the decoded token we got back { userId: '5823eb10d93cd60a64e2fa0c',
  iat: 1483586570,
  exp: 1483608170 }
[2017-01-04 22:35:19.909] [INFO] auth - This is the decoded token we got back { userId: '5823eb10d93cd60a64e2fa0c',
  iat: 1483586570,
  exp: 1483608170 }
[2017-01-04 22:37:03.872] [INFO] auth - This is the decoded token we got back { userId: '5823eb10d93cd60a64e2fa0c',
  iat: 1483586570,
  exp: 1483608170 }
[2017-01-04 22:43:19.943] [INFO] auth - This is the decoded token we got back { userId: '5823eb10d93cd60a64e2fa0c',
  iat: 1483586570,
  exp: 1483608170 }
[2017-01-04 22:44:03.570] [INFO] auth - This is the decoded token we got back { userId: '5823eb10d93cd60a64e2fa0c',
  iat: 1483586570,
  exp: 1483608170 }
[2017-01-18 22:02:03.426] [INFO] auth - 
[2017-01-18 22:04:17.378] [INFO] auth - This is the decoded token we got back { userId: '5823eb10d93cd60a64e2fa0c',
  iat: 1484794923,
  exp: 1484816523 }
[2017-01-18 22:04:24.174] [INFO] auth - 
[2017-01-18 22:05:37.250] [INFO] auth - This is the decoded token we got back { userId: '5823eb10d93cd60a64e2fa0c',
  iat: 1484795064,
  exp: 1484816664 }
[2017-01-18 22:05:43.523] [INFO] auth - 
[2017-01-19 20:30:19.600] [INFO] auth - 
[2017-01-19 22:13:43.598] [INFO] auth - This is the decoded token we got back { userId: '5823eb10d93cd60a64e2fa0c',
  iat: 1484875819,
  exp: 1484897419 }
[2017-01-19 22:28:05.748] [INFO] auth - This is the decoded token we got back { userId: '5823eb10d93cd60a64e2fa0c',
  iat: 1484875819,
  exp: 1484897419 }
[2017-01-19 22:28:28.825] [INFO] auth - This is the decoded token we got back { userId: '5823eb10d93cd60a64e2fa0c',
  iat: 1484875819,
  exp: 1484897419 }
[2017-01-19 23:03:17.783] [INFO] auth - This is the decoded token we got back { userId: '5823eb10d93cd60a64e2fa0c',
  iat: 1484875819,
  exp: 1484897419 }
[2017-01-19 23:03:49.270] [INFO] auth - This is the decoded token we got back { userId: '5823eb10d93cd60a64e2fa0c',
  iat: 1484875819,
  exp: 1484897419 }
[2017-01-19 23:04:58.788] [INFO] auth - The user was not found in the system. Creating a new user using facebookinformation. { id: '10101645600755501',
  username: undefined,
  displayName: 'Kessel Payette',
  name: 
   { familyName: undefined,
     givenName: undefined,
     middleName: undefined },
  gender: undefined,
  profileUrl: undefined,
  provider: 'facebook',
  _raw: '{"name":"Kessel Payette","id":"10101645600755501"}',
  _json: { name: 'Kessel Payette', id: '10101645600755501' } }
